  FlappyCube.cpp
E:\Projects\OpenGL\Projects\FlappyCube\FlappyCube.cpp(168,19): warning C4244: инициализация: преобразование "double" в "clock_t", возможна потеря данных
E:\Projects\OpenGL\Projects\FlappyCube\FlappyCube.cpp(188,6): warning C4838: Преобразование из "double" в "GLfloat" требует сужающего преобразования.
E:\Projects\OpenGL\Projects\FlappyCube\FlappyCube.cpp(188,6): warning C4244: инициализация: преобразование "double" в "GLfloat", возможна потеря данных
E:\Projects\OpenGL\Projects\FlappyCube\FlappyCube.cpp(188,35): warning C4838: Преобразование из "double" в "GLfloat" требует сужающего преобразования.
E:\Projects\OpenGL\Projects\FlappyCube\FlappyCube.cpp(188,35): warning C4244: инициализация: преобразование "double" в "GLfloat", возможна потеря данных
E:\Projects\OpenGL\Projects\FlappyCube\FlappyCube.cpp(189,6): warning C4838: Преобразование из "double" в "GLfloat" требует сужающего преобразования.
E:\Projects\OpenGL\Projects\FlappyCube\FlappyCube.cpp(189,6): warning C4244: инициализация: преобразование "double" в "GLfloat", возможна потеря данных
E:\Projects\OpenGL\Projects\FlappyCube\FlappyCube.cpp(189,35): warning C4838: Преобразование из "double" в "GLfloat" требует сужающего преобразования.
E:\Projects\OpenGL\Projects\FlappyCube\FlappyCube.cpp(189,35): warning C4244: инициализация: преобразование "double" в "GLfloat", возможна потеря данных
E:\Projects\OpenGL\Projects\FlappyCube\FlappyCube.cpp(190,6): warning C4838: Преобразование из "double" в "GLfloat" требует сужающего преобразования.
E:\Projects\OpenGL\Projects\FlappyCube\FlappyCube.cpp(190,6): warning C4244: инициализация: преобразование "double" в "GLfloat", возможна потеря данных
E:\Projects\OpenGL\Projects\FlappyCube\FlappyCube.cpp(190,35): warning C4838: Преобразование из "double" в "GLfloat" требует сужающего преобразования.
E:\Projects\OpenGL\Projects\FlappyCube\FlappyCube.cpp(190,35): warning C4244: инициализация: преобразование "double" в "GLfloat", возможна потеря данных
E:\Projects\OpenGL\Projects\FlappyCube\FlappyCube.cpp(191,6): warning C4838: Преобразование из "double" в "GLfloat" требует сужающего преобразования.
E:\Projects\OpenGL\Projects\FlappyCube\FlappyCube.cpp(191,6): warning C4244: инициализация: преобразование "double" в "GLfloat", возможна потеря данных
E:\Projects\OpenGL\Projects\FlappyCube\FlappyCube.cpp(191,35): warning C4838: Преобразование из "double" в "GLfloat" требует сужающего преобразования.
E:\Projects\OpenGL\Projects\FlappyCube\FlappyCube.cpp(191,35): warning C4244: инициализация: преобразование "double" в "GLfloat", возможна потеря данных
E:\Projects\OpenGL\Projects\FlappyCube\FlappyCube.cpp(193,6): warning C4838: Преобразование из "double" в "GLfloat" требует сужающего преобразования.
E:\Projects\OpenGL\Projects\FlappyCube\FlappyCube.cpp(193,6): warning C4244: инициализация: преобразование "double" в "GLfloat", возможна потеря данных
E:\Projects\OpenGL\Projects\FlappyCube\FlappyCube.cpp(193,35): warning C4838: Преобразование из "double" в "GLfloat" требует сужающего преобразования.
E:\Projects\OpenGL\Projects\FlappyCube\FlappyCube.cpp(193,35): warning C4244: инициализация: преобразование "double" в "GLfloat", возможна потеря данных
E:\Projects\OpenGL\Projects\FlappyCube\FlappyCube.cpp(194,6): warning C4838: Преобразование из "double" в "GLfloat" требует сужающего преобразования.
E:\Projects\OpenGL\Projects\FlappyCube\FlappyCube.cpp(194,6): warning C4244: инициализация: преобразование "double" в "GLfloat", возможна потеря данных
E:\Projects\OpenGL\Projects\FlappyCube\FlappyCube.cpp(194,35): warning C4838: Преобразование из "double" в "GLfloat" требует сужающего преобразования.
E:\Projects\OpenGL\Projects\FlappyCube\FlappyCube.cpp(194,35): warning C4244: инициализация: преобразование "double" в "GLfloat", возможна потеря данных
E:\Projects\OpenGL\Projects\FlappyCube\FlappyCube.cpp(195,6): warning C4838: Преобразование из "double" в "GLfloat" требует сужающего преобразования.
E:\Projects\OpenGL\Projects\FlappyCube\FlappyCube.cpp(195,6): warning C4244: инициализация: преобразование "double" в "GLfloat", возможна потеря данных
E:\Projects\OpenGL\Projects\FlappyCube\FlappyCube.cpp(195,35): warning C4838: Преобразование из "double" в "GLfloat" требует сужающего преобразования.
E:\Projects\OpenGL\Projects\FlappyCube\FlappyCube.cpp(195,35): warning C4244: инициализация: преобразование "double" в "GLfloat", возможна потеря данных
E:\Projects\OpenGL\Projects\FlappyCube\FlappyCube.cpp(196,6): warning C4838: Преобразование из "double" в "GLfloat" требует сужающего преобразования.
E:\Projects\OpenGL\Projects\FlappyCube\FlappyCube.cpp(196,6): warning C4244: инициализация: преобразование "double" в "GLfloat", возможна потеря данных
E:\Projects\OpenGL\Projects\FlappyCube\FlappyCube.cpp(196,35): warning C4838: Преобразование из "double" в "GLfloat" требует сужающего преобразования.
E:\Projects\OpenGL\Projects\FlappyCube\FlappyCube.cpp(196,35): warning C4244: инициализация: преобразование "double" в "GLfloat", возможна потеря данных
E:\Projects\OpenGL\Projects\FlappyCube\FlappyCube.cpp(198,6): warning C4838: Преобразование из "double" в "GLfloat" требует сужающего преобразования.
E:\Projects\OpenGL\Projects\FlappyCube\FlappyCube.cpp(198,6): warning C4244: инициализация: преобразование "double" в "GLfloat", возможна потеря данных
E:\Projects\OpenGL\Projects\FlappyCube\FlappyCube.cpp(198,34): warning C4838: Преобразование из "double" в "GLfloat" требует сужающего преобразования.
E:\Projects\OpenGL\Projects\FlappyCube\FlappyCube.cpp(198,34): warning C4244: инициализация: преобразование "double" в "GLfloat", возможна потеря данных
E:\Projects\OpenGL\Projects\FlappyCube\FlappyCube.cpp(199,6): warning C4838: Преобразование из "double" в "GLfloat" требует сужающего преобразования.
E:\Projects\OpenGL\Projects\FlappyCube\FlappyCube.cpp(199,6): warning C4244: инициализация: преобразование "double" в "GLfloat", возможна потеря данных
E:\Projects\OpenGL\Projects\FlappyCube\FlappyCube.cpp(199,34): warning C4838: Преобразование из "double" в "GLfloat" требует сужающего преобразования.
E:\Projects\OpenGL\Projects\FlappyCube\FlappyCube.cpp(199,34): warning C4244: инициализация: преобразование "double" в "GLfloat", возможна потеря данных
E:\Projects\OpenGL\Projects\FlappyCube\FlappyCube.cpp(200,6): warning C4838: Преобразование из "double" в "GLfloat" требует сужающего преобразования.
E:\Projects\OpenGL\Projects\FlappyCube\FlappyCube.cpp(200,6): warning C4244: инициализация: преобразование "double" в "GLfloat", возможна потеря данных
E:\Projects\OpenGL\Projects\FlappyCube\FlappyCube.cpp(200,34): warning C4838: Преобразование из "double" в "GLfloat" требует сужающего преобразования.
E:\Projects\OpenGL\Projects\FlappyCube\FlappyCube.cpp(200,34): warning C4244: инициализация: преобразование "double" в "GLfloat", возможна потеря данных
E:\Projects\OpenGL\Projects\FlappyCube\FlappyCube.cpp(201,6): warning C4838: Преобразование из "double" в "GLfloat" требует сужающего преобразования.
E:\Projects\OpenGL\Projects\FlappyCube\FlappyCube.cpp(201,6): warning C4244: инициализация: преобразование "double" в "GLfloat", возможна потеря данных
E:\Projects\OpenGL\Projects\FlappyCube\FlappyCube.cpp(201,34): warning C4838: Преобразование из "double" в "GLfloat" требует сужающего преобразования.
E:\Projects\OpenGL\Projects\FlappyCube\FlappyCube.cpp(201,34): warning C4244: инициализация: преобразование "double" в "GLfloat", возможна потеря данных
E:\Projects\OpenGL\Projects\FlappyCube\FlappyCube.cpp(292,33): warning C4244: аргумент: преобразование "double" в "GLfloat", возможна потеря данных
E:\Projects\OpenGL\Projects\FlappyCube\FlappyCube.cpp(298,35): warning C4244: аргумент: преобразование "double" в "GLfloat", возможна потеря данных
E:\Projects\OpenGL\Projects\FlappyCube\FlappyCube.cpp(316,36): warning C4244: =: преобразование "double" в "_Ty2", возможна потеря данных
          with
          [
              _Ty2=GLfloat
          ]
C:\Program Files (x86)\Microsoft Visual Studio\2019\Community\VC\Tools\MSVC\14.28.29333\include\utility(190,16): warning C4244: инициализация: преобразование "const double" в "_Ty1", возможна потеря данных
          with
          [
              _Ty1=GLfloat
          ]
E:\Projects\OpenGL\Projects\FlappyCube\FlappyCube.cpp(262): message : выполняется компиляция ссылки на экземпляр шаблон функции "std::pair<GLfloat,GLfloat>::pair<const double&,int,0>(_Other1,_Other2 &&) noexcept"
          with
          [
              _Other1=const double &,
              _Other2=int
          ]
E:\Projects\OpenGL\Projects\FlappyCube\FlappyCube.cpp(262): message : выполняется компиляция ссылки на экземпляр шаблон функции "std::pair<GLfloat,GLfloat>::pair<const double&,int,0>(_Other1,_Other2 &&) noexcept"
          with
          [
              _Other1=const double &,
              _Other2=int
          ]
C:\Program Files (x86)\Microsoft Visual Studio\2019\Community\VC\Tools\MSVC\14.28.29333\include\utility(190,1): warning C4244: инициализация: преобразование "_Ty" в "_Ty2", возможна потеря данных
          with
          [
              _Ty=int
          ]
          and
          [
              _Ty2=GLfloat
          ]
C:\Program Files (x86)\Microsoft Visual Studio\2019\Community\VC\Tools\MSVC\14.28.29333\include\utility(190,16): warning C4244: инициализация: преобразование "_Ty" в "_Ty1", возможна потеря данных
          with
          [
              _Ty=double
          ]
          and
          [
              _Ty1=GLfloat
          ]
E:\Projects\OpenGL\Projects\FlappyCube\FlappyCube.cpp(271): message : выполняется компиляция ссылки на экземпляр шаблон функции "std::pair<GLfloat,GLfloat>::pair<double,double&,0>(_Other1 &&,_Other2) noexcept"
          with
          [
              _Other1=double,
              _Other2=double &
          ]
E:\Projects\OpenGL\Projects\FlappyCube\FlappyCube.cpp(271): message : выполняется компиляция ссылки на экземпляр шаблон функции "std::pair<GLfloat,GLfloat>::pair<double,double&,0>(_Other1 &&,_Other2) noexcept"
          with
          [
              _Other1=double,
              _Other2=double &
          ]
C:\Program Files (x86)\Microsoft Visual Studio\2019\Community\VC\Tools\MSVC\14.28.29333\include\utility(190,1): warning C4244: инициализация: преобразование "double" в "_Ty2", возможна потеря данных
          with
          [
              _Ty2=GLfloat
          ]
LINK : warning LNK4098: библиотека по умолчанию "LIBCMT" конфликтует с использованием других библиотек; используйте /NODEFAULTLIB:library
  Создание кода
  1 of 322 functions ( 0.3%) were compiled, the rest were copied from previous compilation.
    0 functions were new in current compilation
    0 functions had inline decision re-evaluated but remain unchanged
  Создание кода завершено
glew32s.lib(glew.obj) : warning LNK4099: "" PDB не найден с "glew32s.lib(glew.obj)" или на ""; компоновка объекта выполняется как при отсутствии отладочных данных
  FlappyCube.vcxproj -> E:\Projects\OpenGL\Projects\FlappyCube\x64\Release\FlappyCube.exe
