  FlappyCube.cpp
E:\Projects\OpenGL\Projects\FlappyCube\FlappyCube.cpp(224,19): warning C4244: инициализация: преобразование "double" в "clock_t", возможна потеря данных
E:\Projects\OpenGL\Projects\FlappyCube\FlappyCube.cpp(258,6): warning C4838: Преобразование из "double" в "GLfloat" требует сужающего преобразования.
E:\Projects\OpenGL\Projects\FlappyCube\FlappyCube.cpp(258,6): warning C4244: инициализация: преобразование "double" в "GLfloat", возможна потеря данных
E:\Projects\OpenGL\Projects\FlappyCube\FlappyCube.cpp(258,35): warning C4838: Преобразование из "double" в "GLfloat" требует сужающего преобразования.
E:\Projects\OpenGL\Projects\FlappyCube\FlappyCube.cpp(258,35): warning C4244: инициализация: преобразование "double" в "GLfloat", возможна потеря данных
E:\Projects\OpenGL\Projects\FlappyCube\FlappyCube.cpp(259,6): warning C4838: Преобразование из "double" в "GLfloat" требует сужающего преобразования.
E:\Projects\OpenGL\Projects\FlappyCube\FlappyCube.cpp(259,6): warning C4244: инициализация: преобразование "double" в "GLfloat", возможна потеря данных
E:\Projects\OpenGL\Projects\FlappyCube\FlappyCube.cpp(259,35): warning C4838: Преобразование из "double" в "GLfloat" требует сужающего преобразования.
E:\Projects\OpenGL\Projects\FlappyCube\FlappyCube.cpp(259,35): warning C4244: инициализация: преобразование "double" в "GLfloat", возможна потеря данных
E:\Projects\OpenGL\Projects\FlappyCube\FlappyCube.cpp(260,6): warning C4838: Преобразование из "double" в "GLfloat" требует сужающего преобразования.
E:\Projects\OpenGL\Projects\FlappyCube\FlappyCube.cpp(260,6): warning C4244: инициализация: преобразование "double" в "GLfloat", возможна потеря данных
E:\Projects\OpenGL\Projects\FlappyCube\FlappyCube.cpp(260,35): warning C4838: Преобразование из "double" в "GLfloat" требует сужающего преобразования.
E:\Projects\OpenGL\Projects\FlappyCube\FlappyCube.cpp(260,35): warning C4244: инициализация: преобразование "double" в "GLfloat", возможна потеря данных
E:\Projects\OpenGL\Projects\FlappyCube\FlappyCube.cpp(261,6): warning C4838: Преобразование из "double" в "GLfloat" требует сужающего преобразования.
E:\Projects\OpenGL\Projects\FlappyCube\FlappyCube.cpp(261,6): warning C4244: инициализация: преобразование "double" в "GLfloat", возможна потеря данных
E:\Projects\OpenGL\Projects\FlappyCube\FlappyCube.cpp(261,35): warning C4838: Преобразование из "double" в "GLfloat" требует сужающего преобразования.
E:\Projects\OpenGL\Projects\FlappyCube\FlappyCube.cpp(261,35): warning C4244: инициализация: преобразование "double" в "GLfloat", возможна потеря данных
E:\Projects\OpenGL\Projects\FlappyCube\FlappyCube.cpp(263,6): warning C4838: Преобразование из "double" в "GLfloat" требует сужающего преобразования.
E:\Projects\OpenGL\Projects\FlappyCube\FlappyCube.cpp(263,6): warning C4244: инициализация: преобразование "double" в "GLfloat", возможна потеря данных
E:\Projects\OpenGL\Projects\FlappyCube\FlappyCube.cpp(263,35): warning C4838: Преобразование из "double" в "GLfloat" требует сужающего преобразования.
E:\Projects\OpenGL\Projects\FlappyCube\FlappyCube.cpp(263,35): warning C4244: инициализация: преобразование "double" в "GLfloat", возможна потеря данных
E:\Projects\OpenGL\Projects\FlappyCube\FlappyCube.cpp(264,6): warning C4838: Преобразование из "double" в "GLfloat" требует сужающего преобразования.
E:\Projects\OpenGL\Projects\FlappyCube\FlappyCube.cpp(264,6): warning C4244: инициализация: преобразование "double" в "GLfloat", возможна потеря данных
E:\Projects\OpenGL\Projects\FlappyCube\FlappyCube.cpp(264,35): warning C4838: Преобразование из "double" в "GLfloat" требует сужающего преобразования.
E:\Projects\OpenGL\Projects\FlappyCube\FlappyCube.cpp(264,35): warning C4244: инициализация: преобразование "double" в "GLfloat", возможна потеря данных
E:\Projects\OpenGL\Projects\FlappyCube\FlappyCube.cpp(265,6): warning C4838: Преобразование из "double" в "GLfloat" требует сужающего преобразования.
E:\Projects\OpenGL\Projects\FlappyCube\FlappyCube.cpp(265,6): warning C4244: инициализация: преобразование "double" в "GLfloat", возможна потеря данных
E:\Projects\OpenGL\Projects\FlappyCube\FlappyCube.cpp(265,35): warning C4838: Преобразование из "double" в "GLfloat" требует сужающего преобразования.
E:\Projects\OpenGL\Projects\FlappyCube\FlappyCube.cpp(265,35): warning C4244: инициализация: преобразование "double" в "GLfloat", возможна потеря данных
E:\Projects\OpenGL\Projects\FlappyCube\FlappyCube.cpp(266,6): warning C4838: Преобразование из "double" в "GLfloat" требует сужающего преобразования.
E:\Projects\OpenGL\Projects\FlappyCube\FlappyCube.cpp(266,6): warning C4244: инициализация: преобразование "double" в "GLfloat", возможна потеря данных
E:\Projects\OpenGL\Projects\FlappyCube\FlappyCube.cpp(266,35): warning C4838: Преобразование из "double" в "GLfloat" требует сужающего преобразования.
E:\Projects\OpenGL\Projects\FlappyCube\FlappyCube.cpp(266,35): warning C4244: инициализация: преобразование "double" в "GLfloat", возможна потеря данных
E:\Projects\OpenGL\Projects\FlappyCube\FlappyCube.cpp(268,6): warning C4838: Преобразование из "double" в "GLfloat" требует сужающего преобразования.
E:\Projects\OpenGL\Projects\FlappyCube\FlappyCube.cpp(268,6): warning C4244: инициализация: преобразование "double" в "GLfloat", возможна потеря данных
E:\Projects\OpenGL\Projects\FlappyCube\FlappyCube.cpp(268,34): warning C4838: Преобразование из "double" в "GLfloat" требует сужающего преобразования.
E:\Projects\OpenGL\Projects\FlappyCube\FlappyCube.cpp(268,34): warning C4244: инициализация: преобразование "double" в "GLfloat", возможна потеря данных
E:\Projects\OpenGL\Projects\FlappyCube\FlappyCube.cpp(269,6): warning C4838: Преобразование из "double" в "GLfloat" требует сужающего преобразования.
E:\Projects\OpenGL\Projects\FlappyCube\FlappyCube.cpp(269,6): warning C4244: инициализация: преобразование "double" в "GLfloat", возможна потеря данных
E:\Projects\OpenGL\Projects\FlappyCube\FlappyCube.cpp(269,34): warning C4838: Преобразование из "double" в "GLfloat" требует сужающего преобразования.
E:\Projects\OpenGL\Projects\FlappyCube\FlappyCube.cpp(269,34): warning C4244: инициализация: преобразование "double" в "GLfloat", возможна потеря данных
E:\Projects\OpenGL\Projects\FlappyCube\FlappyCube.cpp(270,6): warning C4838: Преобразование из "double" в "GLfloat" требует сужающего преобразования.
E:\Projects\OpenGL\Projects\FlappyCube\FlappyCube.cpp(270,6): warning C4244: инициализация: преобразование "double" в "GLfloat", возможна потеря данных
E:\Projects\OpenGL\Projects\FlappyCube\FlappyCube.cpp(270,34): warning C4838: Преобразование из "double" в "GLfloat" требует сужающего преобразования.
E:\Projects\OpenGL\Projects\FlappyCube\FlappyCube.cpp(270,34): warning C4244: инициализация: преобразование "double" в "GLfloat", возможна потеря данных
E:\Projects\OpenGL\Projects\FlappyCube\FlappyCube.cpp(271,6): warning C4838: Преобразование из "double" в "GLfloat" требует сужающего преобразования.
E:\Projects\OpenGL\Projects\FlappyCube\FlappyCube.cpp(271,6): warning C4244: инициализация: преобразование "double" в "GLfloat", возможна потеря данных
E:\Projects\OpenGL\Projects\FlappyCube\FlappyCube.cpp(271,34): warning C4838: Преобразование из "double" в "GLfloat" требует сужающего преобразования.
E:\Projects\OpenGL\Projects\FlappyCube\FlappyCube.cpp(271,34): warning C4244: инициализация: преобразование "double" в "GLfloat", возможна потеря данных
E:\Projects\OpenGL\Projects\FlappyCube\FlappyCube.cpp(397,33): warning C4244: аргумент: преобразование "double" в "GLfloat", возможна потеря данных
E:\Projects\OpenGL\Projects\FlappyCube\FlappyCube.cpp(407,35): warning C4244: аргумент: преобразование "double" в "GLfloat", возможна потеря данных
E:\Projects\OpenGL\Projects\FlappyCube\FlappyCube.cpp(425,36): warning C4244: =: преобразование "double" в "_Ty2", возможна потеря данных
          with
          [
              _Ty2=GLfloat
          ]
C:\Program Files (x86)\Microsoft Visual Studio\2019\Community\VC\Tools\MSVC\14.28.29333\include\utility(190,16): warning C4244: инициализация: преобразование "const double" в "_Ty1", возможна потеря данных
          with
          [
              _Ty1=GLfloat
          ]
E:\Projects\OpenGL\Projects\FlappyCube\FlappyCube.cpp(353): message : выполняется компиляция ссылки на экземпляр шаблон функции "std::pair<GLfloat,GLfloat>::pair<const double&,int,0>(_Other1,_Other2 &&) noexcept"
          with
          [
              _Other1=const double &,
              _Other2=int
          ]
E:\Projects\OpenGL\Projects\FlappyCube\FlappyCube.cpp(353): message : выполняется компиляция ссылки на экземпляр шаблон функции "std::pair<GLfloat,GLfloat>::pair<const double&,int,0>(_Other1,_Other2 &&) noexcept"
          with
          [
              _Other1=const double &,
              _Other2=int
          ]
C:\Program Files (x86)\Microsoft Visual Studio\2019\Community\VC\Tools\MSVC\14.28.29333\include\utility(190,1): warning C4244: инициализация: преобразование "_Ty" в "_Ty2", возможна потеря данных
          with
          [
              _Ty=int
          ]
          and
          [
              _Ty2=GLfloat
          ]
C:\Program Files (x86)\Microsoft Visual Studio\2019\Community\VC\Tools\MSVC\14.28.29333\include\utility(190,16): warning C4244: инициализация: преобразование "_Ty" в "_Ty1", возможна потеря данных
          with
          [
              _Ty=double
          ]
          and
          [
              _Ty1=GLfloat
          ]
E:\Projects\OpenGL\Projects\FlappyCube\FlappyCube.cpp(362): message : выполняется компиляция ссылки на экземпляр шаблон функции "std::pair<GLfloat,GLfloat>::pair<double,double&,0>(_Other1 &&,_Other2) noexcept"
          with
          [
              _Other1=double,
              _Other2=double &
          ]
E:\Projects\OpenGL\Projects\FlappyCube\FlappyCube.cpp(362): message : выполняется компиляция ссылки на экземпляр шаблон функции "std::pair<GLfloat,GLfloat>::pair<double,double&,0>(_Other1 &&,_Other2) noexcept"
          with
          [
              _Other1=double,
              _Other2=double &
          ]
C:\Program Files (x86)\Microsoft Visual Studio\2019\Community\VC\Tools\MSVC\14.28.29333\include\utility(190,1): warning C4244: инициализация: преобразование "double" в "_Ty2", возможна потеря данных
          with
          [
              _Ty2=GLfloat
          ]
  Texture.cpp
  Создание кода...
  SOIL.lib(SOIL.obj) : найден .netmodule MSIL или модуль, откомпилированный с параметром /GL; перезапускается компоновка с параметром /LTCG; добавьте /LTCG в командную строку компоновки для повышения производительности компоновщика
LINK : warning LNK4075: не учитывается "/INCREMENTAL" из-за спецификации "/LTCG"
LINK : warning LNK4098: библиотека по умолчанию "MSVCRT" конфликтует с использованием других библиотек; используйте /NODEFAULTLIB:library
LINK : warning LNK4098: библиотека по умолчанию "LIBCMT" конфликтует с использованием других библиотек; используйте /NODEFAULTLIB:library
  Создание кода
  Создание кода завершено
glew32s.lib(glew.obj) : warning LNK4099: "glew_static.pdb" PDB не найден с "glew32s.lib(glew.obj)" или на "E:\Projects\OpenGL\Projects\FlappyCube\x64\Debug\glew_static.pdb"; компоновка объекта выполняется как при отсутствии отладочных данных
  FlappyCube.vcxproj -> E:\Projects\OpenGL\Projects\FlappyCube\x64\Debug\FlappyCube.exe
